<?xml version="1.0" encoding="UTF-8"?>
<testsuite xmlns:xsi="http://www.w3.org/2001/XMLSchema-instance" xsi:noNamespaceSchemaLocation="https://maven.apache.org/surefire/maven-surefire-plugin/xsd/surefire-test-report-3.0.xsd" version="3.0" name="org.eql.TheProject_2G3.AppTest" time="3.856" tests="1" errors="0" skipped="0" failures="0">
  <properties>
    <property name="sun.desktop" value="windows"/>
    <property name="awt.toolkit" value="sun.awt.windows.WToolkit"/>
    <property name="file.encoding.pkg" value="sun.io"/>
    <property name="java.specification.version" value="1.8"/>
    <property name="sun.cpu.isalist" value="amd64"/>
    <property name="sun.jnu.encoding" value="Cp1252"/>
    <property name="sun.awt.enableExtraMouseButtons" value="true"/>
    <property name="java.class.path" value="C:\Users\formation\Documents\SquashTA-1.10.0-RELEASE-workspace\TheProject_2G3S\target\test-classes;C:\Users\formation\Documents\SquashTA-1.10.0-RELEASE-workspace\TheProject_2G3S\target\classes;C:\Users\formation\.m2\repository\junit\junit\4.13.1\junit-4.13.1.jar;C:\Users\formation\.m2\repository\org\hamcrest\hamcrest-core\1.3\hamcrest-core-1.3.jar;C:\Installation\SmartBear\SoapUI-5.4.0\bin\soapui-5.4.0.jar;C:\Users\formation\.m2\repository\log4j\log4j\1.2.12\log4j-1.2.12.jar;C:\Users\formation\.m2\repository\commons-cli\commons-cli\1.4\commons-cli-1.4.jar;C:\Users\formation\.m2\repository\commons-io\commons-io\2.4\commons-io-2.4.jar;C:\Users\formation\.m2\repository\org\apache\xmlbeans\xmlbeans\2.6.0\xmlbeans-2.6.0.jar;C:\Users\formation\.m2\repository\stax\stax-api\1.0.1\stax-api-1.0.1.jar;C:\Users\formation\.m2\repository\org\wso2\apache\httpcomponents\httpclient\4.3.1.wso2v1\httpclient-4.3.1.wso2v1.jar;C:\Users\formation\.m2\repository\commons-logging\commons-logging\1.2\commons-logging-1.2.jar;C:\Installation\SmartBear\SoapUI-5.4.0\lib\proxy-vole-20131209.jar;C:\Users\formation\.m2\repository\xalan\xalan\2.7.1\xalan-2.7.1.jar;C:\Users\formation\.m2\repository\xalan\serializer\2.7.1\serializer-2.7.1.jar;C:\Users\formation\.m2\repository\xml-apis\xml-apis\1.3.04\xml-apis-1.3.04.jar;C:\Users\formation\.m2\repository\org\reflections\reflections\0.9.11\reflections-0.9.11.jar;C:\Users\formation\.m2\repository\com\google\guava\guava\20.0\guava-20.0.jar;C:\Users\formation\.m2\repository\org\javassist\javassist\3.21.0-GA\javassist-3.21.0-GA.jar;C:\Users\formation\.m2\repository\org\codehaus\groovy\groovy\3.0.9\groovy-3.0.9.jar;C:\Users\formation\.m2\repository\org\slf4j\slf4j-log4j12\1.7.30\slf4j-log4j12-1.7.30.jar;C:\Users\formation\.m2\repository\org\slf4j\slf4j-api\1.7.30\slf4j-api-1.7.30.jar;C:\Users\formation\.m2\repository\commons-lang\commons-lang\2.6\commons-lang-2.6.jar;C:\Installation\SmartBear\SoapUI-5.4.0\lib\out-app-analytics-provider-5.4.0.jar;C:\Users\formation\.m2\repository\net\sf\squirrel-sql\thirdparty-non-maven\com-fifesoft-rsyntaxtextarea\1.0.0\com-fifesoft-rsyntaxtextarea-1.0.0.jar;C:\Users\formation\.m2\repository\org\bouncycastle\bcprov-jdk16\1.46\bcprov-jdk16-1.46.jar;C:\Installation\SmartBear\SoapUI-5.4.0\lib\wsdl4j-1.6.2-fixed.jar;C:\Users\formation\.m2\repository\org\apache\flex\blazeds\flex-messaging-core\4.7.3\flex-messaging-core-4.7.3.jar;C:\Users\formation\.m2\repository\org\apache\flex\blazeds\flex-messaging-common\4.7.3\flex-messaging-common-4.7.3.jar;C:\Users\formation\.m2\repository\commons-collections\commons-collections\3.2.2\commons-collections-3.2.2.jar;C:\Users\formation\.m2\repository\org\glassfish\main\javaee-api\javax.jms\3.1.2.2\javax.jms-3.1.2.2.jar;C:\Users\formation\.m2\repository\com\sun\mail\javax.mail\1.6.2\javax.mail-1.6.2.jar;C:\Users\formation\.m2\repository\javax\activation\activation\1.1\activation-1.1.jar;C:\Users\formation\.m2\repository\commons-codec\commons-codec\1.15\commons-codec-1.15.jar;C:\Users\formation\.m2\repository\commons-beanutils\commons-beanutils\1.9.4\commons-beanutils-1.9.4.jar;C:\Users\formation\.m2\repository\com\jgoodies\forms\1.2.1\forms-1.2.1.jar;C:\Users\formation\.m2\repository\net\sf\json-lib\json-lib-ext-spring\1.0.2\json-lib-ext-spring-1.0.2.jar;C:\Users\formation\.m2\repository\net\sf\json-lib\json-lib\2.2.2\json-lib-2.2.2-jdk15.jar;C:\Users\formation\.m2\repository\net\sf\ezmorph\ezmorph\1.0.4\ezmorph-1.0.4.jar;C:\Users\formation\.m2\repository\org\springframework\spring-webmvc\2.5.4\spring-webmvc-2.5.4.jar;C:\Users\formation\.m2\repository\org\springframework\spring-beans\2.5.4\spring-beans-2.5.4.jar;C:\Users\formation\.m2\repository\org\springframework\spring-context\2.5.4\spring-context-2.5.4.jar;C:\Users\formation\.m2\repository\aopalliance\aopalliance\1.0\aopalliance-1.0.jar;C:\Users\formation\.m2\repository\org\springframework\spring-context-support\2.5.4\spring-context-support-2.5.4.jar;C:\Users\formation\.m2\repository\org\springframework\spring-core\2.5.4\spring-core-2.5.4.jar;C:\Users\formation\.m2\repository\org\springframework\spring-web\2.5.4\spring-web-2.5.4.jar;C:\Users\formation\.m2\repository\javax\servlet\servlet-api\2.4\servlet-api-2.4.jar;C:\Users\formation\.m2\repository\net\sf\saxon\saxon-xpath\8.7\saxon-xpath-8.7.jar;C:\Installation\SmartBear\SoapUI-5.4.0\lib\saxon-9.1.0.8j.jar;C:\Installation\SmartBear\SoapUI-5.4.0\lib\saxon-dom-9.1.0.8j.jar;C:\Installation\SmartBear\SoapUI-5.4.0\lib\xmlunit-1.2.jar;C:\Users\formation\.m2\repository\org\apache\xmlbeans\xmlbeans-xpath\2.4.0\xmlbeans-xpath-2.4.0.jar;"/>
    <property name="java.vm.vendor" value="Oracle Corporation"/>
    <property name="sun.arch.data.model" value="64"/>
    <property name="user.variant" value=""/>
    <property name="java.vendor.url" value="http://java.oracle.com/"/>
    <property name="user.timezone" value="Europe/Paris"/>
    <property name="java.vm.specification.version" value="1.8"/>
    <property name="os.name" value="Windows 10"/>
    <property name="user.country" value="FR"/>
    <property name="sun.java.launcher" value="SUN_STANDARD"/>
    <property name="sun.boot.library.path" value="C:\Installation\Java\jre1.8.0_152\bin"/>
    <property name="sun.java.command" value="C:\Users\formation\AppData\Local\Temp\surefire7422717789816670367\surefirebooter5713931080019717886.jar C:\Users\formation\AppData\Local\Temp\surefire7422717789816670367 2021-12-10T14-03-56_827-jvmRun1 surefire714574999987134729tmp surefire_03896093746815116239tmp"/>
    <property name="surefire.test.class.path" value="C:\Users\formation\Documents\SquashTA-1.10.0-RELEASE-workspace\TheProject_2G3S\target\test-classes;C:\Users\formation\Documents\SquashTA-1.10.0-RELEASE-workspace\TheProject_2G3S\target\classes;C:\Users\formation\.m2\repository\junit\junit\4.13.1\junit-4.13.1.jar;C:\Users\formation\.m2\repository\org\hamcrest\hamcrest-core\1.3\hamcrest-core-1.3.jar;C:\Installation\SmartBear\SoapUI-5.4.0\bin\soapui-5.4.0.jar;C:\Users\formation\.m2\repository\log4j\log4j\1.2.12\log4j-1.2.12.jar;C:\Users\formation\.m2\repository\commons-cli\commons-cli\1.4\commons-cli-1.4.jar;C:\Users\formation\.m2\repository\commons-io\commons-io\2.4\commons-io-2.4.jar;C:\Users\formation\.m2\repository\org\apache\xmlbeans\xmlbeans\2.6.0\xmlbeans-2.6.0.jar;C:\Users\formation\.m2\repository\stax\stax-api\1.0.1\stax-api-1.0.1.jar;C:\Users\formation\.m2\repository\org\wso2\apache\httpcomponents\httpclient\4.3.1.wso2v1\httpclient-4.3.1.wso2v1.jar;C:\Users\formation\.m2\repository\commons-logging\commons-logging\1.2\commons-logging-1.2.jar;C:\Installation\SmartBear\SoapUI-5.4.0\lib\proxy-vole-20131209.jar;C:\Users\formation\.m2\repository\xalan\xalan\2.7.1\xalan-2.7.1.jar;C:\Users\formation\.m2\repository\xalan\serializer\2.7.1\serializer-2.7.1.jar;C:\Users\formation\.m2\repository\xml-apis\xml-apis\1.3.04\xml-apis-1.3.04.jar;C:\Users\formation\.m2\repository\org\reflections\reflections\0.9.11\reflections-0.9.11.jar;C:\Users\formation\.m2\repository\com\google\guava\guava\20.0\guava-20.0.jar;C:\Users\formation\.m2\repository\org\javassist\javassist\3.21.0-GA\javassist-3.21.0-GA.jar;C:\Users\formation\.m2\repository\org\codehaus\groovy\groovy\3.0.9\groovy-3.0.9.jar;C:\Users\formation\.m2\repository\org\slf4j\slf4j-log4j12\1.7.30\slf4j-log4j12-1.7.30.jar;C:\Users\formation\.m2\repository\org\slf4j\slf4j-api\1.7.30\slf4j-api-1.7.30.jar;C:\Users\formation\.m2\repository\commons-lang\commons-lang\2.6\commons-lang-2.6.jar;C:\Installation\SmartBear\SoapUI-5.4.0\lib\out-app-analytics-provider-5.4.0.jar;C:\Users\formation\.m2\repository\net\sf\squirrel-sql\thirdparty-non-maven\com-fifesoft-rsyntaxtextarea\1.0.0\com-fifesoft-rsyntaxtextarea-1.0.0.jar;C:\Users\formation\.m2\repository\org\bouncycastle\bcprov-jdk16\1.46\bcprov-jdk16-1.46.jar;C:\Installation\SmartBear\SoapUI-5.4.0\lib\wsdl4j-1.6.2-fixed.jar;C:\Users\formation\.m2\repository\org\apache\flex\blazeds\flex-messaging-core\4.7.3\flex-messaging-core-4.7.3.jar;C:\Users\formation\.m2\repository\org\apache\flex\blazeds\flex-messaging-common\4.7.3\flex-messaging-common-4.7.3.jar;C:\Users\formation\.m2\repository\commons-collections\commons-collections\3.2.2\commons-collections-3.2.2.jar;C:\Users\formation\.m2\repository\org\glassfish\main\javaee-api\javax.jms\3.1.2.2\javax.jms-3.1.2.2.jar;C:\Users\formation\.m2\repository\com\sun\mail\javax.mail\1.6.2\javax.mail-1.6.2.jar;C:\Users\formation\.m2\repository\javax\activation\activation\1.1\activation-1.1.jar;C:\Users\formation\.m2\repository\commons-codec\commons-codec\1.15\commons-codec-1.15.jar;C:\Users\formation\.m2\repository\commons-beanutils\commons-beanutils\1.9.4\commons-beanutils-1.9.4.jar;C:\Users\formation\.m2\repository\com\jgoodies\forms\1.2.1\forms-1.2.1.jar;C:\Users\formation\.m2\repository\net\sf\json-lib\json-lib-ext-spring\1.0.2\json-lib-ext-spring-1.0.2.jar;C:\Users\formation\.m2\repository\net\sf\json-lib\json-lib\2.2.2\json-lib-2.2.2-jdk15.jar;C:\Users\formation\.m2\repository\net\sf\ezmorph\ezmorph\1.0.4\ezmorph-1.0.4.jar;C:\Users\formation\.m2\repository\org\springframework\spring-webmvc\2.5.4\spring-webmvc-2.5.4.jar;C:\Users\formation\.m2\repository\org\springframework\spring-beans\2.5.4\spring-beans-2.5.4.jar;C:\Users\formation\.m2\repository\org\springframework\spring-context\2.5.4\spring-context-2.5.4.jar;C:\Users\formation\.m2\repository\aopalliance\aopalliance\1.0\aopalliance-1.0.jar;C:\Users\formation\.m2\repository\org\springframework\spring-context-support\2.5.4\spring-context-support-2.5.4.jar;C:\Users\formation\.m2\repository\org\springframework\spring-core\2.5.4\spring-core-2.5.4.jar;C:\Users\formation\.m2\repository\org\springframework\spring-web\2.5.4\spring-web-2.5.4.jar;C:\Users\formation\.m2\repository\javax\servlet\servlet-api\2.4\servlet-api-2.4.jar;C:\Users\formation\.m2\repository\net\sf\saxon\saxon-xpath\8.7\saxon-xpath-8.7.jar;C:\Installation\SmartBear\SoapUI-5.4.0\lib\saxon-9.1.0.8j.jar;C:\Installation\SmartBear\SoapUI-5.4.0\lib\saxon-dom-9.1.0.8j.jar;C:\Installation\SmartBear\SoapUI-5.4.0\lib\xmlunit-1.2.jar;C:\Users\formation\.m2\repository\org\apache\xmlbeans\xmlbeans-xpath\2.4.0\xmlbeans-xpath-2.4.0.jar;"/>
    <property name="sun.cpu.endian" value="little"/>
    <property name="user.home" value="C:\Users\formation"/>
    <property name="user.language" value="fr"/>
    <property name="java.specification.vendor" value="Oracle Corporation"/>
    <property name="java.home" value="C:\Installation\Java\jre1.8.0_152"/>
    <property name="basedir" value="C:\Users\formation\Documents\SquashTA-1.10.0-RELEASE-workspace\TheProject_2G3S"/>
    <property name="file.separator" value="\"/>
    <property name="line.separator" value="&#10;"/>
    <property name="java.vm.specification.vendor" value="Oracle Corporation"/>
    <property name="java.specification.name" value="Java Platform API Specification"/>
    <property name="java.awt.graphicsenv" value="sun.awt.Win32GraphicsEnvironment"/>
    <property name="surefire.real.class.path" value="C:\Users\formation\AppData\Local\Temp\surefire7422717789816670367\surefirebooter5713931080019717886.jar"/>
    <property name="sun.boot.class.path" value="C:\Installation\Java\jre1.8.0_152\lib\resources.jar;C:\Installation\Java\jre1.8.0_152\lib\rt.jar;C:\Installation\Java\jre1.8.0_152\lib\sunrsasign.jar;C:\Installation\Java\jre1.8.0_152\lib\jsse.jar;C:\Installation\Java\jre1.8.0_152\lib\jce.jar;C:\Installation\Java\jre1.8.0_152\lib\charsets.jar;C:\Installation\Java\jre1.8.0_152\lib\jfr.jar;C:\Installation\Java\jre1.8.0_152\classes"/>
    <property name="user.script" value=""/>
    <property name="sun.management.compiler" value="HotSpot 64-Bit Tiered Compilers"/>
    <property name="java.runtime.version" value="1.8.0_152-b16"/>
    <property name="user.name" value="formation"/>
    <property name="path.separator" value=";"/>
    <property name="os.version" value="10.0"/>
    <property name="java.endorsed.dirs" value="C:\Installation\Java\jre1.8.0_152\lib\endorsed"/>
    <property name="java.runtime.name" value="Java(TM) SE Runtime Environment"/>
    <property name="file.encoding" value="Cp1252"/>
    <property name="java.vm.name" value="Java HotSpot(TM) 64-Bit Server VM"/>
    <property name="localRepository" value="C:\Users\formation\.m2\repository"/>
    <property name="java.vendor.url.bug" value="http://bugreport.sun.com/bugreport/"/>
    <property name="java.io.tmpdir" value="C:\Users\FORMAT~1\AppData\Local\Temp\"/>
    <property name="java.version" value="1.8.0_152"/>
    <property name="user.dir" value="C:\Users\formation\Documents\SquashTA-1.10.0-RELEASE-workspace\TheProject_2G3S"/>
    <property name="os.arch" value="amd64"/>
    <property name="java.vm.specification.name" value="Java Virtual Machine Specification"/>
    <property name="java.awt.printerjob" value="sun.awt.windows.WPrinterJob"/>
    <property name="sun.os.patch.level" value=""/>
    <property name="java.library.path" value="C:\Installation\Java\jre1.8.0_152\bin;C:\WINDOWS\Sun\Java\bin;C:\WINDOWS\system32;C:\WINDOWS;C:\ProgramData\Oracle\Java\javapath;C:\Program Files (x86)\apache-maven-3.6.3\bin;C:\Program Files (x86)\apache-maven-3.6.3\bin;C:\Users\formation\AppData\Local\Android\Sdk\tools;C:\Users\formation\AppData\Local\Android\Sdk\platform-tools;C:\apache-log4j-2.14.1-bin;C:\WINDOWS\system32;C:\WINDOWS;C:\WINDOWS\System32\Wbem;C:\WINDOWS\System32\WindowsPowerShell\v1.0\;C:\WINDOWS\System32\OpenSSH\;C:\Installation\wamp\bin\mysql\mysql5.1.36\bin;C:\INSTAL~1\Groovy\GROOVY~1.15\bin;C:\ProgramData\chocolatey\bin;C:\Program Files\Git\cmd;C:\Users\formation\AppData\Local\Microsoft\WindowsApps;;C:\Users\formation\AppData\Local\Programs\Microsoft VS Code\bin;."/>
    <property name="java.vm.info" value="mixed mode"/>
    <property name="java.vendor" value="Oracle Corporation"/>
    <property name="java.vm.version" value="25.152-b16"/>
    <property name="java.ext.dirs" value="C:\Installation\Java\jre1.8.0_152\lib\ext;C:\WINDOWS\Sun\Java\lib\ext"/>
    <property name="sun.io.unicode.encoding" value="UnicodeLittle"/>
    <property name="java.class.version" value="52.0"/>
  </properties>
  <testcase name="testIntermediaire" classname="org.eql.TheProject_2G3.AppTest" time="3.852">
    <system-out><![CDATA[14:03:58,201 WARN  [SoapUI] Missing folder [C:\Users\formation\Documents\SquashTA-1.10.0-RELEASE-workspace\TheProject_2G3S\ext] for external libraries
14:03:58,357 INFO  [DefaultSoapUICore] initialized soapui-settings from [C:\Users\formation\soapui-settings.xml]
14:03:59,137 INFO  [PluginManager] 0 plugins loaded in 2 ms
14:03:59,137 INFO  [DefaultSoapUICore] All plugins loaded
14:03:59,808 INFO  [WsdlProject] Loaded project from [file:/C:/Users/formation/Documents/SquashTA-1.10.0-RELEASE-workspace/TheProject_2G3S/src/test/resources/v1_SOAP-Logicaldoc-soapui-project.xml]
14:03:59,952 DEBUG [HttpClientSupport$SoapUIHttpClient] Attempt 1 to execute request
14:03:59,952 DEBUG [SoapUIMultiThreadedHttpConnectionManager$SoapUIDefaultClientConnection] Sending request: POST /logicaldoc/services/Auth HTTP/1.1
14:03:59,969 DEBUG [SoapUIMultiThreadedHttpConnectionManager$SoapUIDefaultClientConnection] Receiving response: HTTP/1.1 200 
14:03:59,972 DEBUG [HttpClientSupport$SoapUIHttpClient] Connection can be kept alive for 20000 MILLISECONDS
14:04:00,848 DEBUG [HttpClientSupport$SoapUIHttpClient] Stale connection check
14:04:00,862 DEBUG [HttpClientSupport$SoapUIHttpClient] Attempt 1 to execute request
14:04:00,862 DEBUG [SoapUIMultiThreadedHttpConnectionManager$SoapUIDefaultClientConnection] Sending request: POST /logicaldoc/services/Auth HTTP/1.1
14:04:00,869 DEBUG [SoapUIMultiThreadedHttpConnectionManager$SoapUIDefaultClientConnection] Receiving response: HTTP/1.1 200 
14:04:00,869 DEBUG [HttpClientSupport$SoapUIHttpClient] Connection can be kept alive for 20000 MILLISECONDS
14:04:00,878 DEBUG [HttpClientSupport$SoapUIHttpClient] Stale connection check
14:04:00,893 DEBUG [HttpClientSupport$SoapUIHttpClient] Attempt 1 to execute request
14:04:00,894 DEBUG [SoapUIMultiThreadedHttpConnectionManager$SoapUIDefaultClientConnection] Sending request: POST /logicaldoc/services/Folder HTTP/1.1
14:04:00,933 DEBUG [SoapUIMultiThreadedHttpConnectionManager$SoapUIDefaultClientConnection] Receiving response: HTTP/1.1 200 
14:04:00,933 DEBUG [HttpClientSupport$SoapUIHttpClient] Connection can be kept alive for 20000 MILLISECONDS
14:04:00,965 DEBUG [HttpClientSupport$SoapUIHttpClient] Stale connection check
14:04:00,972 DEBUG [HttpClientSupport$SoapUIHttpClient] Attempt 1 to execute request
14:04:00,972 DEBUG [SoapUIMultiThreadedHttpConnectionManager$SoapUIDefaultClientConnection] Sending request: POST /logicaldoc/services/Folder HTTP/1.1
14:04:00,980 DEBUG [SoapUIMultiThreadedHttpConnectionManager$SoapUIDefaultClientConnection] Receiving response: HTTP/1.1 200 
14:04:00,980 DEBUG [HttpClientSupport$SoapUIHttpClient] Connection can be kept alive for 20000 MILLISECONDS
14:04:00,983 DEBUG [HttpClientSupport$SoapUIHttpClient] Stale connection check
14:04:00,988 DEBUG [HttpClientSupport$SoapUIHttpClient] Attempt 1 to execute request
14:04:00,988 DEBUG [SoapUIMultiThreadedHttpConnectionManager$SoapUIDefaultClientConnection] Sending request: POST /logicaldoc/services/Folder HTTP/1.1
14:04:00,999 DEBUG [SoapUIMultiThreadedHttpConnectionManager$SoapUIDefaultClientConnection] Receiving response: HTTP/1.1 200 
14:04:00,999 DEBUG [HttpClientSupport$SoapUIHttpClient] Connection can be kept alive for 20000 MILLISECONDS
14:04:01,024 DEBUG [HttpClientSupport$SoapUIHttpClient] Stale connection check
14:04:01,036 DEBUG [HttpClientSupport$SoapUIHttpClient] Attempt 1 to execute request
14:04:01,036 DEBUG [SoapUIMultiThreadedHttpConnectionManager$SoapUIDefaultClientConnection] Sending request: POST /logicaldoc/services/Folder HTTP/1.1
14:04:01,046 DEBUG [SoapUIMultiThreadedHttpConnectionManager$SoapUIDefaultClientConnection] Receiving response: HTTP/1.1 200 
14:04:01,046 DEBUG [HttpClientSupport$SoapUIHttpClient] Connection can be kept alive for 20000 MILLISECONDS
14:04:01,049 DEBUG [HttpClientSupport$SoapUIHttpClient] Stale connection check
14:04:01,051 DEBUG [HttpClientSupport$SoapUIHttpClient] Attempt 1 to execute request
14:04:01,051 DEBUG [SoapUIMultiThreadedHttpConnectionManager$SoapUIDefaultClientConnection] Sending request: POST /logicaldoc/services/Folder HTTP/1.1
14:04:01,058 DEBUG [SoapUIMultiThreadedHttpConnectionManager$SoapUIDefaultClientConnection] Receiving response: HTTP/1.1 200 
14:04:01,059 DEBUG [HttpClientSupport$SoapUIHttpClient] Connection can be kept alive for 20000 MILLISECONDS
14:04:01,062 DEBUG [HttpClientSupport$SoapUIHttpClient] Stale connection check
14:04:01,067 DEBUG [HttpClientSupport$SoapUIHttpClient] Attempt 1 to execute request
14:04:01,067 DEBUG [SoapUIMultiThreadedHttpConnectionManager$SoapUIDefaultClientConnection] Sending request: POST /logicaldoc/services/Document HTTP/1.1
14:04:01,103 DEBUG [SoapUIMultiThreadedHttpConnectionManager$SoapUIDefaultClientConnection] Receiving response: HTTP/1.1 200 
14:04:01,103 DEBUG [HttpClientSupport$SoapUIHttpClient] Connection can be kept alive for 20000 MILLISECONDS
14:04:01,108 DEBUG [HttpClientSupport$SoapUIHttpClient] Stale connection check
14:04:01,115 DEBUG [HttpClientSupport$SoapUIHttpClient] Attempt 1 to execute request
14:04:01,115 DEBUG [SoapUIMultiThreadedHttpConnectionManager$SoapUIDefaultClientConnection] Sending request: POST /logicaldoc/services/Document HTTP/1.1
14:04:01,141 DEBUG [SoapUIMultiThreadedHttpConnectionManager$SoapUIDefaultClientConnection] Receiving response: HTTP/1.1 200 
14:04:01,141 DEBUG [HttpClientSupport$SoapUIHttpClient] Connection can be kept alive for 20000 MILLISECONDS
14:04:01,175 DEBUG [HttpClientSupport$SoapUIHttpClient] Stale connection check
14:04:01,178 DEBUG [HttpClientSupport$SoapUIHttpClient] Attempt 1 to execute request
14:04:01,178 DEBUG [SoapUIMultiThreadedHttpConnectionManager$SoapUIDefaultClientConnection] Sending request: POST /logicaldoc/services/Document HTTP/1.1
14:04:01,199 DEBUG [SoapUIMultiThreadedHttpConnectionManager$SoapUIDefaultClientConnection] Receiving response: HTTP/1.1 200 
14:04:01,199 DEBUG [HttpClientSupport$SoapUIHttpClient] Connection can be kept alive for 20000 MILLISECONDS
14:04:01,203 DEBUG [HttpClientSupport$SoapUIHttpClient] Stale connection check
14:04:01,209 DEBUG [HttpClientSupport$SoapUIHttpClient] Attempt 1 to execute request
14:04:01,209 DEBUG [SoapUIMultiThreadedHttpConnectionManager$SoapUIDefaultClientConnection] Sending request: POST /logicaldoc/services/Document HTTP/1.1
14:04:01,261 DEBUG [SoapUIMultiThreadedHttpConnectionManager$SoapUIDefaultClientConnection] Receiving response: HTTP/1.1 200 
14:04:01,261 DEBUG [HttpClientSupport$SoapUIHttpClient] Connection can be kept alive for 20000 MILLISECONDS
14:04:01,265 DEBUG [HttpClientSupport$SoapUIHttpClient] Stale connection check
14:04:01,271 DEBUG [HttpClientSupport$SoapUIHttpClient] Attempt 1 to execute request
14:04:01,271 DEBUG [SoapUIMultiThreadedHttpConnectionManager$SoapUIDefaultClientConnection] Sending request: POST /logicaldoc/services/Document HTTP/1.1
14:04:01,286 DEBUG [SoapUIMultiThreadedHttpConnectionManager$SoapUIDefaultClientConnection] Receiving response: HTTP/1.1 200 
14:04:01,286 DEBUG [HttpClientSupport$SoapUIHttpClient] Connection can be kept alive for 20000 MILLISECONDS
14:04:01,291 DEBUG [HttpClientSupport$SoapUIHttpClient] Stale connection check
14:04:01,303 DEBUG [HttpClientSupport$SoapUIHttpClient] Attempt 1 to execute request
14:04:01,303 DEBUG [SoapUIMultiThreadedHttpConnectionManager$SoapUIDefaultClientConnection] Sending request: POST /logicaldoc/services/Bookmark HTTP/1.1
14:04:01,318 DEBUG [SoapUIMultiThreadedHttpConnectionManager$SoapUIDefaultClientConnection] Receiving response: HTTP/1.1 200 
14:04:01,318 DEBUG [HttpClientSupport$SoapUIHttpClient] Connection can be kept alive for 20000 MILLISECONDS
14:04:01,344 DEBUG [HttpClientSupport$SoapUIHttpClient] Stale connection check
14:04:01,350 DEBUG [HttpClientSupport$SoapUIHttpClient] Attempt 1 to execute request
14:04:01,350 DEBUG [SoapUIMultiThreadedHttpConnectionManager$SoapUIDefaultClientConnection] Sending request: POST /logicaldoc/services/Bookmark HTTP/1.1
14:04:01,355 DEBUG [SoapUIMultiThreadedHttpConnectionManager$SoapUIDefaultClientConnection] Receiving response: HTTP/1.1 200 
14:04:01,355 DEBUG [HttpClientSupport$SoapUIHttpClient] Connection can be kept alive for 20000 MILLISECONDS
14:04:01,358 DEBUG [HttpClientSupport$SoapUIHttpClient] Stale connection check
14:04:01,366 DEBUG [HttpClientSupport$SoapUIHttpClient] Attempt 1 to execute request
14:04:01,366 DEBUG [SoapUIMultiThreadedHttpConnectionManager$SoapUIDefaultClientConnection] Sending request: POST /logicaldoc/services/Bookmark HTTP/1.1
14:04:01,396 DEBUG [SoapUIMultiThreadedHttpConnectionManager$SoapUIDefaultClientConnection] Receiving response: HTTP/1.1 200 
14:04:01,396 DEBUG [HttpClientSupport$SoapUIHttpClient] Connection can be kept alive for 20000 MILLISECONDS
14:04:01,401 DEBUG [HttpClientSupport$SoapUIHttpClient] Stale connection check
14:04:01,412 DEBUG [HttpClientSupport$SoapUIHttpClient] Attempt 1 to execute request
14:04:01,412 DEBUG [SoapUIMultiThreadedHttpConnectionManager$SoapUIDefaultClientConnection] Sending request: POST /logicaldoc/services/Bookmark HTTP/1.1
14:04:01,424 DEBUG [SoapUIMultiThreadedHttpConnectionManager$SoapUIDefaultClientConnection] Receiving response: HTTP/1.1 200 
14:04:01,425 DEBUG [HttpClientSupport$SoapUIHttpClient] Connection can be kept alive for 20000 MILLISECONDS
14:04:01,432 DEBUG [HttpClientSupport$SoapUIHttpClient] Stale connection check
14:04:01,444 DEBUG [HttpClientSupport$SoapUIHttpClient] Attempt 1 to execute request
14:04:01,445 DEBUG [SoapUIMultiThreadedHttpConnectionManager$SoapUIDefaultClientConnection] Sending request: POST /logicaldoc/services/Search HTTP/1.1
14:04:01,482 DEBUG [SoapUIMultiThreadedHttpConnectionManager$SoapUIDefaultClientConnection] Receiving response: HTTP/1.1 200 
14:04:01,482 DEBUG [HttpClientSupport$SoapUIHttpClient] Connection can be kept alive for 20000 MILLISECONDS
14:04:01,484 DEBUG [HttpClientSupport$SoapUIHttpClient] Stale connection check
14:04:01,492 DEBUG [HttpClientSupport$SoapUIHttpClient] Attempt 1 to execute request
14:04:01,492 DEBUG [SoapUIMultiThreadedHttpConnectionManager$SoapUIDefaultClientConnection] Sending request: POST /logicaldoc/services/Search HTTP/1.1
14:04:01,504 DEBUG [SoapUIMultiThreadedHttpConnectionManager$SoapUIDefaultClientConnection] Receiving response: HTTP/1.1 200 
14:04:01,504 DEBUG [HttpClientSupport$SoapUIHttpClient] Connection can be kept alive for 20000 MILLISECONDS
14:04:01,507 DEBUG [HttpClientSupport$SoapUIHttpClient] Stale connection check
14:04:01,523 DEBUG [HttpClientSupport$SoapUIHttpClient] Attempt 1 to execute request
14:04:01,523 DEBUG [SoapUIMultiThreadedHttpConnectionManager$SoapUIDefaultClientConnection] Sending request: POST /logicaldoc/services/Document HTTP/1.1
14:04:01,540 DEBUG [SoapUIMultiThreadedHttpConnectionManager$SoapUIDefaultClientConnection] Receiving response: HTTP/1.1 200 
14:04:01,540 DEBUG [HttpClientSupport$SoapUIHttpClient] Connection can be kept alive for 20000 MILLISECONDS
14:04:01,542 DEBUG [HttpClientSupport$SoapUIHttpClient] Stale connection check
14:04:01,554 DEBUG [HttpClientSupport$SoapUIHttpClient] Attempt 1 to execute request
14:04:01,554 DEBUG [SoapUIMultiThreadedHttpConnectionManager$SoapUIDefaultClientConnection] Sending request: POST /logicaldoc/services/Document HTTP/1.1
14:04:01,768 DEBUG [SoapUIMultiThreadedHttpConnectionManager$SoapUIDefaultClientConnection] Receiving response: HTTP/1.1 200 
14:04:01,768 DEBUG [HttpClientSupport$SoapUIHttpClient] Connection can be kept alive for 20000 MILLISECONDS
14:04:01,772 DEBUG [HttpClientSupport$SoapUIHttpClient] Stale connection check
14:04:01,774 DEBUG [HttpClientSupport$SoapUIHttpClient] Attempt 1 to execute request
14:04:01,774 DEBUG [SoapUIMultiThreadedHttpConnectionManager$SoapUIDefaultClientConnection] Sending request: POST /logicaldoc/services/Document HTTP/1.1
14:04:01,782 DEBUG [SoapUIMultiThreadedHttpConnectionManager$SoapUIDefaultClientConnection] Receiving response: HTTP/1.1 200 
14:04:01,782 DEBUG [HttpClientSupport$SoapUIHttpClient] Connection can be kept alive for 20000 MILLISECONDS
14:04:01,785 DEBUG [HttpClientSupport$SoapUIHttpClient] Stale connection check
14:04:01,790 DEBUG [HttpClientSupport$SoapUIHttpClient] Attempt 1 to execute request
14:04:01,790 DEBUG [SoapUIMultiThreadedHttpConnectionManager$SoapUIDefaultClientConnection] Sending request: POST /logicaldoc/services/Folder HTTP/1.1
14:04:01,805 DEBUG [SoapUIMultiThreadedHttpConnectionManager$SoapUIDefaultClientConnection] Receiving response: HTTP/1.1 200 
14:04:01,805 DEBUG [HttpClientSupport$SoapUIHttpClient] Connection can be kept alive for 20000 MILLISECONDS
14:04:01,808 DEBUG [HttpClientSupport$SoapUIHttpClient] Stale connection check
14:04:01,822 DEBUG [HttpClientSupport$SoapUIHttpClient] Attempt 1 to execute request
14:04:01,822 DEBUG [SoapUIMultiThreadedHttpConnectionManager$SoapUIDefaultClientConnection] Sending request: POST /logicaldoc/services/Auth HTTP/1.1
14:04:01,828 DEBUG [SoapUIMultiThreadedHttpConnectionManager$SoapUIDefaultClientConnection] Receiving response: HTTP/1.1 200 
14:04:01,828 DEBUG [HttpClientSupport$SoapUIHttpClient] Connection can be kept alive for 20000 MILLISECONDS
14:04:01,830 DEBUG [HttpClientSupport$SoapUIHttpClient] Stale connection check
14:04:01,838 DEBUG [HttpClientSupport$SoapUIHttpClient] Attempt 1 to execute request
14:04:01,838 DEBUG [SoapUIMultiThreadedHttpConnectionManager$SoapUIDefaultClientConnection] Sending request: POST /logicaldoc/services/Auth HTTP/1.1
14:04:01,840 DEBUG [SoapUIMultiThreadedHttpConnectionManager$SoapUIDefaultClientConnection] Receiving response: HTTP/1.1 200 
14:04:01,840 DEBUG [HttpClientSupport$SoapUIHttpClient] Connection can be kept alive for 20000 MILLISECONDS
]]></system-out>
    <system-err><![CDATA[SLF4J: Class path contains multiple SLF4J bindings.
SLF4J: Found binding in [jar:file:/C:/Users/formation/.m2/repository/org/slf4j/slf4j-log4j12/1.7.30/slf4j-log4j12-1.7.30.jar!/org/slf4j/impl/StaticLoggerBinder.class]
SLF4J: Found binding in [jar:file:/C:/Installation/SmartBear/SoapUI-5.4.0/lib/slf4j-log4j12-1.6.4.jar!/org/slf4j/impl/StaticLoggerBinder.class]
SLF4J: See http://www.slf4j.org/codes.html#multiple_bindings for an explanation.
SLF4J: Actual binding is of type [org.slf4j.impl.Log4jLoggerFactory]
déc. 10, 2021 2:03:59 PM org.eql.TheProject_2G3.AppTest testIntermediaire
INFOS: ******Running TestSuite 1***********
déc. 10, 2021 2:03:59 PM org.eql.TheProject_2G3.AppTest testIntermediaire
INFOS: ******Running TestCase 1***********
déc. 10, 2021 2:04:01 PM org.eql.TheProject_2G3.AppTest testIntermediaire
INFOS: 
Properties = OK  en : 27 ms
login - Request 1 = OK  en : 144 ms
GS - transfert sid = OK  en : 846 ms
sid_valid - Request 1 = OK  en : 27 ms
getDefaultWorkspace - Request 1 = OK  en : 65 ms
GS - transfert workspace_id = OK  en : 23 ms
listChildren - Request 1 = OK  en : 17 ms
createFolder - Request 1 = OK  en : 18 ms
GS - tranfert folder_id = OK  en : 23 ms
listChildren - Request 2 = OK  en : 24 ms
getFolder - Request 1 = OK  en : 13 ms
createDocument - Request 1 = OK  en : 45 ms
createDocument - Request 2 = OK  en : 36 ms
GS - transfer file_id = OK  en : 30 ms
getDocuments - Request 1 = OK  en : 27 ms
update - Request 1 = OK  en : 61 ms
getDocuments - Request 2 = OK  en : 25 ms
bookmarkDocument - Request 1 = OK  en : 30 ms
GS - tranfert bookmark_id = OK  en : 22 ms
getBookmarks - Request 1 = OK  en : 13 ms
unbookmarkDocument - Request 1 = OK  en : 41 ms
getBookmarks - Request 2 = OK  en : 31 ms
findDocumentByCreated - Request 1 = FAILED  en : 52 ms
findDocumentByDate - Request 1 = FAILED  en : 22 ms
delete_file- Request 1 = OK  en : 35 ms
delete_file- Request 2 = OK  en : 229 ms
getDocuments - Request 3 = OK  en : 13 ms
delete_folder - Request 1 = OK  en : 22 ms
logout - Request 1 = OK  en : 22 ms
sid_valid - Request 2 = OK  en : 12 ms

]]></system-err>
  </testcase>
</testsuite>