<?xml version="1.0" encoding="UTF-8"?>
<testsuite xmlns:xsi="http://www.w3.org/2001/XMLSchema-instance" xsi:noNamespaceSchemaLocation="https://maven.apache.org/surefire/maven-surefire-plugin/xsd/surefire-test-report-3.0.xsd" version="3.0" name="org.eql.TheProject_2G3.AppTest" time="4.076" tests="1" errors="0" skipped="0" failures="0">
  <properties>
    <property name="sun.desktop" value="windows"/>
    <property name="awt.toolkit" value="sun.awt.windows.WToolkit"/>
    <property name="file.encoding.pkg" value="sun.io"/>
    <property name="java.specification.version" value="1.8"/>
    <property name="sun.cpu.isalist" value="amd64"/>
    <property name="sun.jnu.encoding" value="Cp1252"/>
    <property name="sun.awt.enableExtraMouseButtons" value="true"/>
    <property name="java.class.path" value="C:\Users\formation\Documents\SquashTA-1.10.0-RELEASE-workspace\TheProject_2G3S\target\test-classes;C:\Users\formation\Documents\SquashTA-1.10.0-RELEASE-workspace\TheProject_2G3S\target\classes;C:\Users\formation\.m2\repository\junit\junit\4.13.1\junit-4.13.1.jar;C:\Users\formation\.m2\repository\org\hamcrest\hamcrest-core\1.3\hamcrest-core-1.3.jar;C:\Installation\SmartBear\SoapUI-5.4.0\bin\soapui-5.4.0.jar;C:\Users\formation\.m2\repository\log4j\log4j\1.2.12\log4j-1.2.12.jar;C:\Users\formation\.m2\repository\commons-cli\commons-cli\1.4\commons-cli-1.4.jar;C:\Users\formation\.m2\repository\commons-io\commons-io\2.4\commons-io-2.4.jar;C:\Users\formation\.m2\repository\org\apache\xmlbeans\xmlbeans\2.6.0\xmlbeans-2.6.0.jar;C:\Users\formation\.m2\repository\stax\stax-api\1.0.1\stax-api-1.0.1.jar;C:\Users\formation\.m2\repository\org\wso2\apache\httpcomponents\httpclient\4.3.1.wso2v1\httpclient-4.3.1.wso2v1.jar;C:\Users\formation\.m2\repository\commons-logging\commons-logging\1.2\commons-logging-1.2.jar;C:\Installation\SmartBear\SoapUI-5.4.0\lib\proxy-vole-20131209.jar;C:\Users\formation\.m2\repository\xalan\xalan\2.7.1\xalan-2.7.1.jar;C:\Users\formation\.m2\repository\xalan\serializer\2.7.1\serializer-2.7.1.jar;C:\Users\formation\.m2\repository\xml-apis\xml-apis\1.3.04\xml-apis-1.3.04.jar;C:\Users\formation\.m2\repository\org\reflections\reflections\0.9.11\reflections-0.9.11.jar;C:\Users\formation\.m2\repository\com\google\guava\guava\20.0\guava-20.0.jar;C:\Users\formation\.m2\repository\org\javassist\javassist\3.21.0-GA\javassist-3.21.0-GA.jar;C:\Users\formation\.m2\repository\org\codehaus\groovy\groovy\3.0.9\groovy-3.0.9.jar;C:\Users\formation\.m2\repository\org\slf4j\slf4j-log4j12\1.7.30\slf4j-log4j12-1.7.30.jar;C:\Users\formation\.m2\repository\org\slf4j\slf4j-api\1.7.30\slf4j-api-1.7.30.jar;C:\Users\formation\.m2\repository\commons-lang\commons-lang\2.6\commons-lang-2.6.jar;C:\Installation\SmartBear\SoapUI-5.4.0\lib\out-app-analytics-provider-5.4.0.jar;C:\Users\formation\.m2\repository\net\sf\squirrel-sql\thirdparty-non-maven\com-fifesoft-rsyntaxtextarea\1.0.0\com-fifesoft-rsyntaxtextarea-1.0.0.jar;C:\Users\formation\.m2\repository\org\bouncycastle\bcprov-jdk16\1.46\bcprov-jdk16-1.46.jar;C:\Installation\SmartBear\SoapUI-5.4.0\lib\wsdl4j-1.6.2-fixed.jar;C:\Users\formation\.m2\repository\org\apache\flex\blazeds\flex-messaging-core\4.7.3\flex-messaging-core-4.7.3.jar;C:\Users\formation\.m2\repository\org\apache\flex\blazeds\flex-messaging-common\4.7.3\flex-messaging-common-4.7.3.jar;C:\Users\formation\.m2\repository\commons-collections\commons-collections\3.2.2\commons-collections-3.2.2.jar;C:\Users\formation\.m2\repository\org\glassfish\main\javaee-api\javax.jms\3.1.2.2\javax.jms-3.1.2.2.jar;C:\Users\formation\.m2\repository\com\sun\mail\javax.mail\1.6.2\javax.mail-1.6.2.jar;C:\Users\formation\.m2\repository\javax\activation\activation\1.1\activation-1.1.jar;C:\Users\formation\.m2\repository\commons-codec\commons-codec\1.15\commons-codec-1.15.jar;C:\Users\formation\.m2\repository\commons-beanutils\commons-beanutils\1.9.4\commons-beanutils-1.9.4.jar;C:\Users\formation\.m2\repository\com\jgoodies\forms\1.2.1\forms-1.2.1.jar;C:\Users\formation\.m2\repository\net\sf\json-lib\json-lib-ext-spring\1.0.2\json-lib-ext-spring-1.0.2.jar;C:\Users\formation\.m2\repository\net\sf\json-lib\json-lib\2.2.2\json-lib-2.2.2-jdk15.jar;C:\Users\formation\.m2\repository\net\sf\ezmorph\ezmorph\1.0.4\ezmorph-1.0.4.jar;C:\Users\formation\.m2\repository\org\springframework\spring-webmvc\2.5.4\spring-webmvc-2.5.4.jar;C:\Users\formation\.m2\repository\org\springframework\spring-beans\2.5.4\spring-beans-2.5.4.jar;C:\Users\formation\.m2\repository\org\springframework\spring-context\2.5.4\spring-context-2.5.4.jar;C:\Users\formation\.m2\repository\aopalliance\aopalliance\1.0\aopalliance-1.0.jar;C:\Users\formation\.m2\repository\org\springframework\spring-context-support\2.5.4\spring-context-support-2.5.4.jar;C:\Users\formation\.m2\repository\org\springframework\spring-core\2.5.4\spring-core-2.5.4.jar;C:\Users\formation\.m2\repository\org\springframework\spring-web\2.5.4\spring-web-2.5.4.jar;C:\Users\formation\.m2\repository\javax\servlet\servlet-api\2.4\servlet-api-2.4.jar;C:\Users\formation\.m2\repository\net\sf\saxon\saxon-xpath\8.7\saxon-xpath-8.7.jar;C:\Installation\SmartBear\SoapUI-5.4.0\lib\saxon-9.1.0.8j.jar;C:\Installation\SmartBear\SoapUI-5.4.0\lib\saxon-dom-9.1.0.8j.jar;C:\Installation\SmartBear\SoapUI-5.4.0\lib\xmlunit-1.2.jar;C:\Users\formation\.m2\repository\org\apache\xmlbeans\xmlbeans-xpath\2.4.0\xmlbeans-xpath-2.4.0.jar;"/>
    <property name="java.vm.vendor" value="Oracle Corporation"/>
    <property name="sun.arch.data.model" value="64"/>
    <property name="user.variant" value=""/>
    <property name="java.vendor.url" value="http://java.oracle.com/"/>
    <property name="user.timezone" value="Europe/Paris"/>
    <property name="java.vm.specification.version" value="1.8"/>
    <property name="os.name" value="Windows 10"/>
    <property name="user.country" value="FR"/>
    <property name="sun.java.launcher" value="SUN_STANDARD"/>
    <property name="sun.boot.library.path" value="C:\Installation\Java\jre1.8.0_152\bin"/>
    <property name="sun.java.command" value="C:\Users\formation\AppData\Local\Temp\surefire181767862564486870\surefirebooter3842805551194765174.jar C:\Users\formation\AppData\Local\Temp\surefire181767862564486870 2021-12-13T11-18-25_072-jvmRun1 surefire5781218008326375247tmp surefire_05840642538766094232tmp"/>
    <property name="surefire.test.class.path" value="C:\Users\formation\Documents\SquashTA-1.10.0-RELEASE-workspace\TheProject_2G3S\target\test-classes;C:\Users\formation\Documents\SquashTA-1.10.0-RELEASE-workspace\TheProject_2G3S\target\classes;C:\Users\formation\.m2\repository\junit\junit\4.13.1\junit-4.13.1.jar;C:\Users\formation\.m2\repository\org\hamcrest\hamcrest-core\1.3\hamcrest-core-1.3.jar;C:\Installation\SmartBear\SoapUI-5.4.0\bin\soapui-5.4.0.jar;C:\Users\formation\.m2\repository\log4j\log4j\1.2.12\log4j-1.2.12.jar;C:\Users\formation\.m2\repository\commons-cli\commons-cli\1.4\commons-cli-1.4.jar;C:\Users\formation\.m2\repository\commons-io\commons-io\2.4\commons-io-2.4.jar;C:\Users\formation\.m2\repository\org\apache\xmlbeans\xmlbeans\2.6.0\xmlbeans-2.6.0.jar;C:\Users\formation\.m2\repository\stax\stax-api\1.0.1\stax-api-1.0.1.jar;C:\Users\formation\.m2\repository\org\wso2\apache\httpcomponents\httpclient\4.3.1.wso2v1\httpclient-4.3.1.wso2v1.jar;C:\Users\formation\.m2\repository\commons-logging\commons-logging\1.2\commons-logging-1.2.jar;C:\Installation\SmartBear\SoapUI-5.4.0\lib\proxy-vole-20131209.jar;C:\Users\formation\.m2\repository\xalan\xalan\2.7.1\xalan-2.7.1.jar;C:\Users\formation\.m2\repository\xalan\serializer\2.7.1\serializer-2.7.1.jar;C:\Users\formation\.m2\repository\xml-apis\xml-apis\1.3.04\xml-apis-1.3.04.jar;C:\Users\formation\.m2\repository\org\reflections\reflections\0.9.11\reflections-0.9.11.jar;C:\Users\formation\.m2\repository\com\google\guava\guava\20.0\guava-20.0.jar;C:\Users\formation\.m2\repository\org\javassist\javassist\3.21.0-GA\javassist-3.21.0-GA.jar;C:\Users\formation\.m2\repository\org\codehaus\groovy\groovy\3.0.9\groovy-3.0.9.jar;C:\Users\formation\.m2\repository\org\slf4j\slf4j-log4j12\1.7.30\slf4j-log4j12-1.7.30.jar;C:\Users\formation\.m2\repository\org\slf4j\slf4j-api\1.7.30\slf4j-api-1.7.30.jar;C:\Users\formation\.m2\repository\commons-lang\commons-lang\2.6\commons-lang-2.6.jar;C:\Installation\SmartBear\SoapUI-5.4.0\lib\out-app-analytics-provider-5.4.0.jar;C:\Users\formation\.m2\repository\net\sf\squirrel-sql\thirdparty-non-maven\com-fifesoft-rsyntaxtextarea\1.0.0\com-fifesoft-rsyntaxtextarea-1.0.0.jar;C:\Users\formation\.m2\repository\org\bouncycastle\bcprov-jdk16\1.46\bcprov-jdk16-1.46.jar;C:\Installation\SmartBear\SoapUI-5.4.0\lib\wsdl4j-1.6.2-fixed.jar;C:\Users\formation\.m2\repository\org\apache\flex\blazeds\flex-messaging-core\4.7.3\flex-messaging-core-4.7.3.jar;C:\Users\formation\.m2\repository\org\apache\flex\blazeds\flex-messaging-common\4.7.3\flex-messaging-common-4.7.3.jar;C:\Users\formation\.m2\repository\commons-collections\commons-collections\3.2.2\commons-collections-3.2.2.jar;C:\Users\formation\.m2\repository\org\glassfish\main\javaee-api\javax.jms\3.1.2.2\javax.jms-3.1.2.2.jar;C:\Users\formation\.m2\repository\com\sun\mail\javax.mail\1.6.2\javax.mail-1.6.2.jar;C:\Users\formation\.m2\repository\javax\activation\activation\1.1\activation-1.1.jar;C:\Users\formation\.m2\repository\commons-codec\commons-codec\1.15\commons-codec-1.15.jar;C:\Users\formation\.m2\repository\commons-beanutils\commons-beanutils\1.9.4\commons-beanutils-1.9.4.jar;C:\Users\formation\.m2\repository\com\jgoodies\forms\1.2.1\forms-1.2.1.jar;C:\Users\formation\.m2\repository\net\sf\json-lib\json-lib-ext-spring\1.0.2\json-lib-ext-spring-1.0.2.jar;C:\Users\formation\.m2\repository\net\sf\json-lib\json-lib\2.2.2\json-lib-2.2.2-jdk15.jar;C:\Users\formation\.m2\repository\net\sf\ezmorph\ezmorph\1.0.4\ezmorph-1.0.4.jar;C:\Users\formation\.m2\repository\org\springframework\spring-webmvc\2.5.4\spring-webmvc-2.5.4.jar;C:\Users\formation\.m2\repository\org\springframework\spring-beans\2.5.4\spring-beans-2.5.4.jar;C:\Users\formation\.m2\repository\org\springframework\spring-context\2.5.4\spring-context-2.5.4.jar;C:\Users\formation\.m2\repository\aopalliance\aopalliance\1.0\aopalliance-1.0.jar;C:\Users\formation\.m2\repository\org\springframework\spring-context-support\2.5.4\spring-context-support-2.5.4.jar;C:\Users\formation\.m2\repository\org\springframework\spring-core\2.5.4\spring-core-2.5.4.jar;C:\Users\formation\.m2\repository\org\springframework\spring-web\2.5.4\spring-web-2.5.4.jar;C:\Users\formation\.m2\repository\javax\servlet\servlet-api\2.4\servlet-api-2.4.jar;C:\Users\formation\.m2\repository\net\sf\saxon\saxon-xpath\8.7\saxon-xpath-8.7.jar;C:\Installation\SmartBear\SoapUI-5.4.0\lib\saxon-9.1.0.8j.jar;C:\Installation\SmartBear\SoapUI-5.4.0\lib\saxon-dom-9.1.0.8j.jar;C:\Installation\SmartBear\SoapUI-5.4.0\lib\xmlunit-1.2.jar;C:\Users\formation\.m2\repository\org\apache\xmlbeans\xmlbeans-xpath\2.4.0\xmlbeans-xpath-2.4.0.jar;"/>
    <property name="sun.cpu.endian" value="little"/>
    <property name="user.home" value="C:\Users\formation"/>
    <property name="user.language" value="fr"/>
    <property name="java.specification.vendor" value="Oracle Corporation"/>
    <property name="java.home" value="C:\Installation\Java\jre1.8.0_152"/>
    <property name="basedir" value="C:\Users\formation\Documents\SquashTA-1.10.0-RELEASE-workspace\TheProject_2G3S"/>
    <property name="file.separator" value="\"/>
    <property name="line.separator" value="&#10;"/>
    <property name="java.vm.specification.vendor" value="Oracle Corporation"/>
    <property name="java.specification.name" value="Java Platform API Specification"/>
    <property name="java.awt.graphicsenv" value="sun.awt.Win32GraphicsEnvironment"/>
    <property name="surefire.real.class.path" value="C:\Users\formation\AppData\Local\Temp\surefire181767862564486870\surefirebooter3842805551194765174.jar"/>
    <property name="sun.boot.class.path" value="C:\Installation\Java\jre1.8.0_152\lib\resources.jar;C:\Installation\Java\jre1.8.0_152\lib\rt.jar;C:\Installation\Java\jre1.8.0_152\lib\sunrsasign.jar;C:\Installation\Java\jre1.8.0_152\lib\jsse.jar;C:\Installation\Java\jre1.8.0_152\lib\jce.jar;C:\Installation\Java\jre1.8.0_152\lib\charsets.jar;C:\Installation\Java\jre1.8.0_152\lib\jfr.jar;C:\Installation\Java\jre1.8.0_152\classes"/>
    <property name="user.script" value=""/>
    <property name="sun.management.compiler" value="HotSpot 64-Bit Tiered Compilers"/>
    <property name="java.runtime.version" value="1.8.0_152-b16"/>
    <property name="user.name" value="formation"/>
    <property name="path.separator" value=";"/>
    <property name="os.version" value="10.0"/>
    <property name="java.endorsed.dirs" value="C:\Installation\Java\jre1.8.0_152\lib\endorsed"/>
    <property name="java.runtime.name" value="Java(TM) SE Runtime Environment"/>
    <property name="file.encoding" value="Cp1252"/>
    <property name="java.vm.name" value="Java HotSpot(TM) 64-Bit Server VM"/>
    <property name="localRepository" value="C:\Users\formation\.m2\repository"/>
    <property name="java.vendor.url.bug" value="http://bugreport.sun.com/bugreport/"/>
    <property name="java.io.tmpdir" value="C:\Users\FORMAT~1\AppData\Local\Temp\"/>
    <property name="java.version" value="1.8.0_152"/>
    <property name="user.dir" value="C:\Users\formation\Documents\SquashTA-1.10.0-RELEASE-workspace\TheProject_2G3S"/>
    <property name="os.arch" value="amd64"/>
    <property name="java.vm.specification.name" value="Java Virtual Machine Specification"/>
    <property name="java.awt.printerjob" value="sun.awt.windows.WPrinterJob"/>
    <property name="sun.os.patch.level" value=""/>
    <property name="java.library.path" value="C:\Installation\Java\jre1.8.0_152\bin;C:\WINDOWS\Sun\Java\bin;C:\WINDOWS\system32;C:\WINDOWS;C:\ProgramData\Oracle\Java\javapath;C:\Program Files (x86)\apache-maven-3.6.3\bin;C:\Program Files (x86)\apache-maven-3.6.3\bin;C:\Users\formation\AppData\Local\Android\Sdk\tools;C:\Users\formation\AppData\Local\Android\Sdk\platform-tools;C:\apache-log4j-2.14.1-bin;C:\WINDOWS\system32;C:\WINDOWS;C:\WINDOWS\System32\Wbem;C:\WINDOWS\System32\WindowsPowerShell\v1.0\;C:\WINDOWS\System32\OpenSSH\;C:\Installation\wamp\bin\mysql\mysql5.1.36\bin;C:\INSTAL~1\Groovy\GROOVY~1.15\bin;C:\ProgramData\chocolatey\bin;C:\Program Files\Git\cmd;C:\Users\formation\AppData\Local\Microsoft\WindowsApps;;C:\Users\formation\AppData\Local\Programs\Microsoft VS Code\bin;."/>
    <property name="java.vm.info" value="mixed mode"/>
    <property name="java.vendor" value="Oracle Corporation"/>
    <property name="java.vm.version" value="25.152-b16"/>
    <property name="java.ext.dirs" value="C:\Installation\Java\jre1.8.0_152\lib\ext;C:\WINDOWS\Sun\Java\lib\ext"/>
    <property name="sun.io.unicode.encoding" value="UnicodeLittle"/>
    <property name="java.class.version" value="52.0"/>
  </properties>
  <testcase name="testIntermediaire" classname="org.eql.TheProject_2G3.AppTest" time="4.071">
    <system-out><![CDATA[11:18:26,575 WARN  [SoapUI] Missing folder [C:\Users\formation\Documents\SquashTA-1.10.0-RELEASE-workspace\TheProject_2G3S\ext] for external libraries
11:18:26,731 INFO  [DefaultSoapUICore] initialized soapui-settings from [C:\Users\formation\soapui-settings.xml]
11:18:27,545 INFO  [PluginManager] 0 plugins loaded in 1 ms
11:18:27,545 INFO  [DefaultSoapUICore] All plugins loaded
11:18:28,266 INFO  [WsdlProject] Loaded project from [file:/C:/Users/formation/Documents/SquashTA-1.10.0-RELEASE-workspace/TheProject_2G3S/src/test/resources/v1_SOAP-Logicaldoc-soapui-project.xml]
11:18:28,426 DEBUG [HttpClientSupport$SoapUIHttpClient] Attempt 1 to execute request
11:18:28,426 DEBUG [SoapUIMultiThreadedHttpConnectionManager$SoapUIDefaultClientConnection] Sending request: POST /logicaldoc/services/Auth HTTP/1.1
11:18:28,450 DEBUG [SoapUIMultiThreadedHttpConnectionManager$SoapUIDefaultClientConnection] Receiving response: HTTP/1.1 200 
11:18:28,454 DEBUG [HttpClientSupport$SoapUIHttpClient] Connection can be kept alive for 20000 MILLISECONDS
11:18:29,331 DEBUG [HttpClientSupport$SoapUIHttpClient] Stale connection check
11:18:29,333 DEBUG [HttpClientSupport$SoapUIHttpClient] Attempt 1 to execute request
11:18:29,333 DEBUG [SoapUIMultiThreadedHttpConnectionManager$SoapUIDefaultClientConnection] Sending request: POST /logicaldoc/services/Auth HTTP/1.1
11:18:29,335 DEBUG [SoapUIMultiThreadedHttpConnectionManager$SoapUIDefaultClientConnection] Receiving response: HTTP/1.1 200 
11:18:29,335 DEBUG [HttpClientSupport$SoapUIHttpClient] Connection can be kept alive for 20000 MILLISECONDS
11:18:29,338 DEBUG [HttpClientSupport$SoapUIHttpClient] Stale connection check
11:18:29,340 DEBUG [HttpClientSupport$SoapUIHttpClient] Attempt 1 to execute request
11:18:29,340 DEBUG [SoapUIMultiThreadedHttpConnectionManager$SoapUIDefaultClientConnection] Sending request: POST /logicaldoc/services/Folder HTTP/1.1
11:18:29,361 DEBUG [SoapUIMultiThreadedHttpConnectionManager$SoapUIDefaultClientConnection] Receiving response: HTTP/1.1 200 
11:18:29,361 DEBUG [HttpClientSupport$SoapUIHttpClient] Connection can be kept alive for 20000 MILLISECONDS
11:18:29,395 DEBUG [HttpClientSupport$SoapUIHttpClient] Stale connection check
11:18:29,397 DEBUG [HttpClientSupport$SoapUIHttpClient] Attempt 1 to execute request
11:18:29,397 DEBUG [SoapUIMultiThreadedHttpConnectionManager$SoapUIDefaultClientConnection] Sending request: POST /logicaldoc/services/Folder HTTP/1.1
11:18:29,408 DEBUG [SoapUIMultiThreadedHttpConnectionManager$SoapUIDefaultClientConnection] Receiving response: HTTP/1.1 200 
11:18:29,409 DEBUG [HttpClientSupport$SoapUIHttpClient] Connection can be kept alive for 20000 MILLISECONDS
11:18:29,411 DEBUG [HttpClientSupport$SoapUIHttpClient] Stale connection check
11:18:29,413 DEBUG [HttpClientSupport$SoapUIHttpClient] Attempt 1 to execute request
11:18:29,413 DEBUG [SoapUIMultiThreadedHttpConnectionManager$SoapUIDefaultClientConnection] Sending request: POST /logicaldoc/services/Folder HTTP/1.1
11:18:29,430 DEBUG [SoapUIMultiThreadedHttpConnectionManager$SoapUIDefaultClientConnection] Receiving response: HTTP/1.1 200 
11:18:29,430 DEBUG [HttpClientSupport$SoapUIHttpClient] Connection can be kept alive for 20000 MILLISECONDS
11:18:29,464 DEBUG [HttpClientSupport$SoapUIHttpClient] Stale connection check
11:18:29,467 DEBUG [HttpClientSupport$SoapUIHttpClient] Attempt 1 to execute request
11:18:29,467 DEBUG [SoapUIMultiThreadedHttpConnectionManager$SoapUIDefaultClientConnection] Sending request: POST /logicaldoc/services/Folder HTTP/1.1
11:18:29,488 DEBUG [SoapUIMultiThreadedHttpConnectionManager$SoapUIDefaultClientConnection] Receiving response: HTTP/1.1 200 
11:18:29,489 DEBUG [HttpClientSupport$SoapUIHttpClient] Connection can be kept alive for 20000 MILLISECONDS
11:18:29,493 DEBUG [HttpClientSupport$SoapUIHttpClient] Stale connection check
11:18:29,496 DEBUG [HttpClientSupport$SoapUIHttpClient] Attempt 1 to execute request
11:18:29,496 DEBUG [SoapUIMultiThreadedHttpConnectionManager$SoapUIDefaultClientConnection] Sending request: POST /logicaldoc/services/Folder HTTP/1.1
11:18:29,517 DEBUG [SoapUIMultiThreadedHttpConnectionManager$SoapUIDefaultClientConnection] Receiving response: HTTP/1.1 200 
11:18:29,518 DEBUG [HttpClientSupport$SoapUIHttpClient] Connection can be kept alive for 20000 MILLISECONDS
11:18:29,522 DEBUG [HttpClientSupport$SoapUIHttpClient] Stale connection check
11:18:29,525 DEBUG [HttpClientSupport$SoapUIHttpClient] Attempt 1 to execute request
11:18:29,525 DEBUG [SoapUIMultiThreadedHttpConnectionManager$SoapUIDefaultClientConnection] Sending request: POST /logicaldoc/services/Document HTTP/1.1
11:18:29,568 DEBUG [SoapUIMultiThreadedHttpConnectionManager$SoapUIDefaultClientConnection] Receiving response: HTTP/1.1 200 
11:18:29,569 DEBUG [HttpClientSupport$SoapUIHttpClient] Connection can be kept alive for 20000 MILLISECONDS
11:18:29,575 DEBUG [HttpClientSupport$SoapUIHttpClient] Stale connection check
11:18:29,577 DEBUG [HttpClientSupport$SoapUIHttpClient] Attempt 1 to execute request
11:18:29,577 DEBUG [SoapUIMultiThreadedHttpConnectionManager$SoapUIDefaultClientConnection] Sending request: POST /logicaldoc/services/Document HTTP/1.1
11:18:29,908 DEBUG [SoapUIMultiThreadedHttpConnectionManager$SoapUIDefaultClientConnection] Receiving response: HTTP/1.1 200 
11:18:29,908 DEBUG [HttpClientSupport$SoapUIHttpClient] Connection can be kept alive for 20000 MILLISECONDS
11:18:29,946 DEBUG [HttpClientSupport$SoapUIHttpClient] Stale connection check
11:18:29,950 DEBUG [HttpClientSupport$SoapUIHttpClient] Attempt 1 to execute request
11:18:29,950 DEBUG [SoapUIMultiThreadedHttpConnectionManager$SoapUIDefaultClientConnection] Sending request: POST /logicaldoc/services/Document HTTP/1.1
11:18:29,972 DEBUG [SoapUIMultiThreadedHttpConnectionManager$SoapUIDefaultClientConnection] Receiving response: HTTP/1.1 200 
11:18:29,972 DEBUG [HttpClientSupport$SoapUIHttpClient] Connection can be kept alive for 20000 MILLISECONDS
11:18:29,976 DEBUG [HttpClientSupport$SoapUIHttpClient] Stale connection check
11:18:29,979 DEBUG [HttpClientSupport$SoapUIHttpClient] Attempt 1 to execute request
11:18:29,979 DEBUG [SoapUIMultiThreadedHttpConnectionManager$SoapUIDefaultClientConnection] Sending request: POST /logicaldoc/services/Document HTTP/1.1
11:18:30,024 DEBUG [SoapUIMultiThreadedHttpConnectionManager$SoapUIDefaultClientConnection] Receiving response: HTTP/1.1 200 
11:18:30,024 DEBUG [HttpClientSupport$SoapUIHttpClient] Connection can be kept alive for 20000 MILLISECONDS
11:18:30,027 DEBUG [HttpClientSupport$SoapUIHttpClient] Stale connection check
11:18:30,030 DEBUG [HttpClientSupport$SoapUIHttpClient] Attempt 1 to execute request
11:18:30,030 DEBUG [SoapUIMultiThreadedHttpConnectionManager$SoapUIDefaultClientConnection] Sending request: POST /logicaldoc/services/Document HTTP/1.1
11:18:30,055 DEBUG [SoapUIMultiThreadedHttpConnectionManager$SoapUIDefaultClientConnection] Receiving response: HTTP/1.1 200 
11:18:30,055 DEBUG [HttpClientSupport$SoapUIHttpClient] Connection can be kept alive for 20000 MILLISECONDS
11:18:30,062 DEBUG [HttpClientSupport$SoapUIHttpClient] Stale connection check
11:18:30,064 DEBUG [HttpClientSupport$SoapUIHttpClient] Attempt 1 to execute request
11:18:30,064 DEBUG [SoapUIMultiThreadedHttpConnectionManager$SoapUIDefaultClientConnection] Sending request: POST /logicaldoc/services/Bookmark HTTP/1.1
11:18:30,096 DEBUG [SoapUIMultiThreadedHttpConnectionManager$SoapUIDefaultClientConnection] Receiving response: HTTP/1.1 200 
11:18:30,096 DEBUG [HttpClientSupport$SoapUIHttpClient] Connection can be kept alive for 20000 MILLISECONDS
11:18:30,136 DEBUG [HttpClientSupport$SoapUIHttpClient] Stale connection check
11:18:30,139 DEBUG [HttpClientSupport$SoapUIHttpClient] Attempt 1 to execute request
11:18:30,139 DEBUG [SoapUIMultiThreadedHttpConnectionManager$SoapUIDefaultClientConnection] Sending request: POST /logicaldoc/services/Bookmark HTTP/1.1
11:18:30,151 DEBUG [SoapUIMultiThreadedHttpConnectionManager$SoapUIDefaultClientConnection] Receiving response: HTTP/1.1 200 
11:18:30,152 DEBUG [HttpClientSupport$SoapUIHttpClient] Connection can be kept alive for 20000 MILLISECONDS
11:18:30,156 DEBUG [HttpClientSupport$SoapUIHttpClient] Stale connection check
11:18:30,158 DEBUG [HttpClientSupport$SoapUIHttpClient] Attempt 1 to execute request
11:18:30,158 DEBUG [SoapUIMultiThreadedHttpConnectionManager$SoapUIDefaultClientConnection] Sending request: POST /logicaldoc/services/Bookmark HTTP/1.1
11:18:30,178 DEBUG [SoapUIMultiThreadedHttpConnectionManager$SoapUIDefaultClientConnection] Receiving response: HTTP/1.1 200 
11:18:30,178 DEBUG [HttpClientSupport$SoapUIHttpClient] Connection can be kept alive for 20000 MILLISECONDS
11:18:30,182 DEBUG [HttpClientSupport$SoapUIHttpClient] Stale connection check
11:18:30,185 DEBUG [HttpClientSupport$SoapUIHttpClient] Attempt 1 to execute request
11:18:30,185 DEBUG [SoapUIMultiThreadedHttpConnectionManager$SoapUIDefaultClientConnection] Sending request: POST /logicaldoc/services/Bookmark HTTP/1.1
11:18:30,192 DEBUG [SoapUIMultiThreadedHttpConnectionManager$SoapUIDefaultClientConnection] Receiving response: HTTP/1.1 200 
11:18:30,192 DEBUG [HttpClientSupport$SoapUIHttpClient] Connection can be kept alive for 20000 MILLISECONDS
11:18:30,196 DEBUG [HttpClientSupport$SoapUIHttpClient] Stale connection check
11:18:30,198 DEBUG [HttpClientSupport$SoapUIHttpClient] Attempt 1 to execute request
11:18:30,198 DEBUG [SoapUIMultiThreadedHttpConnectionManager$SoapUIDefaultClientConnection] Sending request: POST /logicaldoc/services/Search HTTP/1.1
11:18:30,226 DEBUG [SoapUIMultiThreadedHttpConnectionManager$SoapUIDefaultClientConnection] Receiving response: HTTP/1.1 200 
11:18:30,226 DEBUG [HttpClientSupport$SoapUIHttpClient] Connection can be kept alive for 20000 MILLISECONDS
11:18:30,229 DEBUG [HttpClientSupport$SoapUIHttpClient] Stale connection check
11:18:30,231 DEBUG [HttpClientSupport$SoapUIHttpClient] Attempt 1 to execute request
11:18:30,231 DEBUG [SoapUIMultiThreadedHttpConnectionManager$SoapUIDefaultClientConnection] Sending request: POST /logicaldoc/services/Search HTTP/1.1
11:18:30,257 DEBUG [SoapUIMultiThreadedHttpConnectionManager$SoapUIDefaultClientConnection] Receiving response: HTTP/1.1 200 
11:18:30,258 DEBUG [HttpClientSupport$SoapUIHttpClient] Connection can be kept alive for 20000 MILLISECONDS
11:18:30,261 DEBUG [HttpClientSupport$SoapUIHttpClient] Stale connection check
11:18:30,264 DEBUG [HttpClientSupport$SoapUIHttpClient] Attempt 1 to execute request
11:18:30,264 DEBUG [SoapUIMultiThreadedHttpConnectionManager$SoapUIDefaultClientConnection] Sending request: POST /logicaldoc/services/Document HTTP/1.1
11:18:30,296 DEBUG [SoapUIMultiThreadedHttpConnectionManager$SoapUIDefaultClientConnection] Receiving response: HTTP/1.1 200 
11:18:30,297 DEBUG [HttpClientSupport$SoapUIHttpClient] Connection can be kept alive for 20000 MILLISECONDS
11:18:30,300 DEBUG [HttpClientSupport$SoapUIHttpClient] Stale connection check
11:18:30,302 DEBUG [HttpClientSupport$SoapUIHttpClient] Attempt 1 to execute request
11:18:30,302 DEBUG [SoapUIMultiThreadedHttpConnectionManager$SoapUIDefaultClientConnection] Sending request: POST /logicaldoc/services/Document HTTP/1.1
11:18:30,341 DEBUG [SoapUIMultiThreadedHttpConnectionManager$SoapUIDefaultClientConnection] Receiving response: HTTP/1.1 200 
11:18:30,341 DEBUG [HttpClientSupport$SoapUIHttpClient] Connection can be kept alive for 20000 MILLISECONDS
11:18:30,344 DEBUG [HttpClientSupport$SoapUIHttpClient] Stale connection check
11:18:30,347 DEBUG [HttpClientSupport$SoapUIHttpClient] Attempt 1 to execute request
11:18:30,347 DEBUG [SoapUIMultiThreadedHttpConnectionManager$SoapUIDefaultClientConnection] Sending request: POST /logicaldoc/services/Document HTTP/1.1
11:18:30,362 DEBUG [SoapUIMultiThreadedHttpConnectionManager$SoapUIDefaultClientConnection] Receiving response: HTTP/1.1 200 
11:18:30,362 DEBUG [HttpClientSupport$SoapUIHttpClient] Connection can be kept alive for 20000 MILLISECONDS
11:18:30,366 DEBUG [HttpClientSupport$SoapUIHttpClient] Stale connection check
11:18:30,368 DEBUG [HttpClientSupport$SoapUIHttpClient] Attempt 1 to execute request
11:18:30,368 DEBUG [SoapUIMultiThreadedHttpConnectionManager$SoapUIDefaultClientConnection] Sending request: POST /logicaldoc/services/Folder HTTP/1.1
11:18:30,399 DEBUG [SoapUIMultiThreadedHttpConnectionManager$SoapUIDefaultClientConnection] Receiving response: HTTP/1.1 200 
11:18:30,399 DEBUG [HttpClientSupport$SoapUIHttpClient] Connection can be kept alive for 20000 MILLISECONDS
11:18:30,402 DEBUG [HttpClientSupport$SoapUIHttpClient] Stale connection check
11:18:30,405 DEBUG [HttpClientSupport$SoapUIHttpClient] Attempt 1 to execute request
11:18:30,405 DEBUG [SoapUIMultiThreadedHttpConnectionManager$SoapUIDefaultClientConnection] Sending request: POST /logicaldoc/services/Auth HTTP/1.1
11:18:30,417 DEBUG [SoapUIMultiThreadedHttpConnectionManager$SoapUIDefaultClientConnection] Receiving response: HTTP/1.1 200 
11:18:30,418 DEBUG [HttpClientSupport$SoapUIHttpClient] Connection can be kept alive for 20000 MILLISECONDS
11:18:30,420 DEBUG [HttpClientSupport$SoapUIHttpClient] Stale connection check
11:18:30,422 DEBUG [HttpClientSupport$SoapUIHttpClient] Attempt 1 to execute request
11:18:30,422 DEBUG [SoapUIMultiThreadedHttpConnectionManager$SoapUIDefaultClientConnection] Sending request: POST /logicaldoc/services/Auth HTTP/1.1
11:18:30,424 DEBUG [SoapUIMultiThreadedHttpConnectionManager$SoapUIDefaultClientConnection] Receiving response: HTTP/1.1 200 
11:18:30,424 DEBUG [HttpClientSupport$SoapUIHttpClient] Connection can be kept alive for 20000 MILLISECONDS
]]></system-out>
    <system-err><![CDATA[SLF4J: Class path contains multiple SLF4J bindings.
SLF4J: Found binding in [jar:file:/C:/Users/formation/.m2/repository/org/slf4j/slf4j-log4j12/1.7.30/slf4j-log4j12-1.7.30.jar!/org/slf4j/impl/StaticLoggerBinder.class]
SLF4J: Found binding in [jar:file:/C:/Installation/SmartBear/SoapUI-5.4.0/lib/slf4j-log4j12-1.6.4.jar!/org/slf4j/impl/StaticLoggerBinder.class]
SLF4J: See http://www.slf4j.org/codes.html#multiple_bindings for an explanation.
SLF4J: Actual binding is of type [org.slf4j.impl.Log4jLoggerFactory]
déc. 13, 2021 11:18:28 AM org.eql.TheProject_2G3.AppTest testIntermediaire
INFOS: ******Running TestSuite 1***********
déc. 13, 2021 11:18:28 AM org.eql.TheProject_2G3.AppTest testIntermediaire
INFOS: ******Running TestCase 1***********
déc. 13, 2021 11:18:30 AM org.eql.TheProject_2G3.AppTest testIntermediaire
INFOS: 
TessSuite : TestSuite 1
  TestCase : TestCase 1
    Properties = OK  en : 33 ms
    login - Request 1 = OK  en : 163 ms
    GS - transfert sid = OK  en : 844 ms
    sid_valid - Request 1 = OK  en : 7 ms
    getDefaultWorkspace - Request 1 = OK  en : 30 ms
    GS - transfert workspace_id = OK  en : 27 ms
    listChildren - Request 1 = OK  en : 15 ms
    createFolder - Request 1 = OK  en : 22 ms
    GS - tranfert folder_id = OK  en : 31 ms
    listChildren - Request 2 = OK  en : 28 ms
    getFolder - Request 1 = OK  en : 29 ms
    createDocument - Request 1 = OK  en : 52 ms
    createDocument - Request 2 = OK  en : 339 ms
    GS - transfer file_id = OK  en : 33 ms
    getDocuments - Request 1 = OK  en : 29 ms
    update - Request 1 = OK  en : 50 ms
    getDocuments - Request 2 = OK  en : 34 ms
    bookmarkDocument - Request 1 = OK  en : 39 ms
    GS - tranfert bookmark_id = OK  en : 35 ms
    getBookmarks - Request 1 = OK  en : 18 ms
    unbookmarkDocument - Request 1 = OK  en : 25 ms
    getBookmarks - Request 2 = OK  en : 14 ms
    findDocumentByCreated - Request 1 = FAILED  en : 33 ms
    findDocumentByDate - Request 1 = FAILED  en : 32 ms
    delete_file- Request 1 = OK  en : 38 ms
    delete_file- Request 2 = OK  en : 44 ms
    getDocuments - Request 3 = OK  en : 21 ms
    delete_folder - Request 1 = OK  en : 35 ms
    logout - Request 1 = OK  en : 18 ms
    sid_valid - Request 2 = OK  en : 5 ms

déc. 13, 2021 11:18:30 AM org.eql.TheProject_2G3.AppTest testIntermediaire
AVERTISSEMENT: Il y a : 2 test en échec
]]></system-err>
  </testcase>
</testsuite>